<?xml version="1.0" encoding="UTF-8"?>
<testsuite name="projectbackend.SecurityRestControllerTest.LoginRestControllerTest" tests="1" skipped="0" failures="0" errors="0" timestamp="2022-11-10T08:19:11" hostname="ALIENWARE-M15-R" time="0.411">
  <properties/>
  <testcase name="login_18()" classname="projectbackend.SecurityRestControllerTest.LoginRestControllerTest" time="0.411"/>
  <system-out><![CDATA[15:19:02.556 [Test worker] DEBUG org.springframework.test.context.BootstrapUtils - Instantiating CacheAwareContextLoaderDelegate from class [org.springframework.test.context.cache.DefaultCacheAwareContextLoaderDelegate]
15:19:02.584 [Test worker] DEBUG org.springframework.test.context.BootstrapUtils - Instantiating BootstrapContext using constructor [public org.springframework.test.context.support.DefaultBootstrapContext(java.lang.Class,org.springframework.test.context.CacheAwareContextLoaderDelegate)]
15:19:02.675 [Test worker] DEBUG org.springframework.test.context.BootstrapUtils - Instantiating TestContextBootstrapper for test class [projectbackend.SecurityRestControllerTest.LoginRestControllerTest] from class [org.springframework.boot.test.context.SpringBootTestContextBootstrapper]
15:19:02.710 [Test worker] INFO org.springframework.boot.test.context.SpringBootTestContextBootstrapper - Neither @ContextConfiguration nor @ContextHierarchy found for test class [projectbackend.SecurityRestControllerTest.LoginRestControllerTest], using SpringBootContextLoader
15:19:02.722 [Test worker] DEBUG org.springframework.test.context.support.AbstractContextLoader - Did not detect default resource location for test class [projectbackend.SecurityRestControllerTest.LoginRestControllerTest]: class path resource [projectbackend/SecurityRestControllerTest/LoginRestControllerTest-context.xml] does not exist
15:19:02.723 [Test worker] DEBUG org.springframework.test.context.support.AbstractContextLoader - Did not detect default resource location for test class [projectbackend.SecurityRestControllerTest.LoginRestControllerTest]: class path resource [projectbackend/SecurityRestControllerTest/LoginRestControllerTestContext.groovy] does not exist
15:19:02.723 [Test worker] INFO org.springframework.test.context.support.AbstractContextLoader - Could not detect default resource locations for test class [projectbackend.SecurityRestControllerTest.LoginRestControllerTest]: no resource found for suffixes {-context.xml, Context.groovy}.
15:19:02.726 [Test worker] INFO org.springframework.test.context.support.AnnotationConfigContextLoaderUtils - Could not detect default configuration classes for test class [projectbackend.SecurityRestControllerTest.LoginRestControllerTest]: LoginRestControllerTest does not declare any static, non-private, non-final, nested classes annotated with @Configuration.
15:19:02.822 [Test worker] DEBUG org.springframework.test.context.support.ActiveProfilesUtils - Could not find an 'annotation declaring class' for annotation type [org.springframework.test.context.ActiveProfiles] and class [projectbackend.SecurityRestControllerTest.LoginRestControllerTest]
15:19:02.894 [Test worker] DEBUG org.springframework.context.annotation.ClassPathScanningCandidateComponentProvider - Identified candidate component class: file [C:\cinema_2\cinema-management-api\project-backend\build\classes\java\main\projectbackend\ProjectBackendApplication.class]
15:19:02.896 [Test worker] INFO org.springframework.boot.test.context.SpringBootTestContextBootstrapper - Found @SpringBootConfiguration projectbackend.ProjectBackendApplication for test class projectbackend.SecurityRestControllerTest.LoginRestControllerTest
15:19:03.033 [Test worker] DEBUG org.springframework.boot.test.context.SpringBootTestContextBootstrapper - @TestExecutionListeners is not present for class [projectbackend.SecurityRestControllerTest.LoginRestControllerTest]: using defaults.
15:19:03.034 [Test worker] INFO org.springframework.boot.test.context.SpringBootTestContextBootstrapper - Loaded default TestExecutionListener class names from location [META-INF/spring.factories]: [org.springframework.security.test.context.support.WithSecurityContextTestExecutionListener, org.springframework.security.test.context.support.ReactorContextTestExecutionListener, org.springframework.boot.test.autoconfigure.restdocs.RestDocsTestExecutionListener, org.springframework.boot.test.autoconfigure.web.client.MockRestServiceServerResetTestExecutionListener, org.springframework.boot.test.autoconfigure.web.servlet.MockMvcPrintOnlyOnFailureTestExecutionListener, org.springframework.boot.test.autoconfigure.web.servlet.WebDriverTestExecutionListener, org.springframework.boot.test.autoconfigure.webservices.client.MockWebServiceServerTestExecutionListener, org.springframework.boot.test.mock.mockito.MockitoTestExecutionListener, org.springframework.boot.test.mock.mockito.ResetMocksTestExecutionListener, org.springframework.test.context.web.ServletTestExecutionListener, org.springframework.test.context.support.DirtiesContextBeforeModesTestExecutionListener, org.springframework.test.context.event.ApplicationEventsTestExecutionListener, org.springframework.test.context.support.DependencyInjectionTestExecutionListener, org.springframework.test.context.support.DirtiesContextTestExecutionListener, org.springframework.test.context.transaction.TransactionalTestExecutionListener, org.springframework.test.context.jdbc.SqlScriptsTestExecutionListener, org.springframework.test.context.event.EventPublishingTestExecutionListener]
15:19:03.062 [Test worker] INFO org.springframework.boot.test.context.SpringBootTestContextBootstrapper - Using TestExecutionListeners: [org.springframework.test.context.web.ServletTestExecutionListener@512535ff, org.springframework.test.context.support.DirtiesContextBeforeModesTestExecutionListener@71529963, org.springframework.test.context.event.ApplicationEventsTestExecutionListener@61a88b8c, org.springframework.boot.test.mock.mockito.MockitoTestExecutionListener@22295ec4, org.springframework.boot.test.autoconfigure.SpringBootDependencyInjectionTestExecutionListener@5adb0db3, org.springframework.test.context.support.DirtiesContextTestExecutionListener@3f270e0a, org.springframework.test.context.transaction.TransactionalTestExecutionListener@1a760689, org.springframework.test.context.jdbc.SqlScriptsTestExecutionListener@7241a47d, org.springframework.security.test.context.support.WithSecurityContextTestExecutionListener@70f59913, org.springframework.test.context.event.EventPublishingTestExecutionListener@77258e59, org.springframework.security.test.context.support.ReactorContextTestExecutionListener@5dcd8c7a, org.springframework.boot.test.autoconfigure.restdocs.RestDocsTestExecutionListener@2250b9f2, org.springframework.boot.test.autoconfigure.web.client.MockRestServiceServerResetTestExecutionListener@7e3181aa, org.springframework.boot.test.autoconfigure.web.servlet.MockMvcPrintOnlyOnFailureTestExecutionListener@253d9f73, org.springframework.boot.test.autoconfigure.web.servlet.WebDriverTestExecutionListener@142269f2, org.springframework.boot.test.autoconfigure.webservices.client.MockWebServiceServerTestExecutionListener@331acdad, org.springframework.boot.test.mock.mockito.ResetMocksTestExecutionListener@41d426b5]
15:19:03.067 [Test worker] DEBUG org.springframework.test.context.support.AbstractDirtiesContextTestExecutionListener - Before test class: context [DefaultTestContext@5674e1f2 testClass = LoginRestControllerTest, testInstance = [null], testMethod = [null], testException = [null], mergedContextConfiguration = [WebMergedContextConfiguration@79c7532f testClass = LoginRestControllerTest, locations = '{}', classes = '{class projectbackend.ProjectBackendApplication}', contextInitializerClasses = '[]', activeProfiles = '{}', propertySourceLocations = '{}', propertySourceProperties = '{org.springframework.boot.test.context.SpringBootTestContextBootstrapper=true}', contextCustomizers = set[org.springframework.boot.test.autoconfigure.actuate.metrics.MetricsExportContextCustomizerFactory$DisableMetricExportContextCustomizer@29d80d2b, org.springframework.boot.test.autoconfigure.properties.PropertyMappingContextCustomizer@4b3fa0b3, org.springframework.boot.test.autoconfigure.web.servlet.WebDriverContextCustomizerFactory$Customizer@7bbc8656, [ImportsContextCustomizer@2a448449 key = [org.springframework.boot.test.autoconfigure.web.servlet.MockMvcAutoConfiguration, org.springframework.boot.test.autoconfigure.web.servlet.MockMvcWebClientAutoConfiguration, org.springframework.boot.test.autoconfigure.web.servlet.MockMvcWebDriverAutoConfiguration, org.springframework.boot.autoconfigure.security.oauth2.client.servlet.OAuth2ClientAutoConfiguration, org.springframework.boot.autoconfigure.security.oauth2.resource.servlet.OAuth2ResourceServerAutoConfiguration, org.springframework.boot.autoconfigure.security.servlet.SecurityAutoConfiguration, org.springframework.boot.autoconfigure.security.servlet.SecurityFilterAutoConfiguration, org.springframework.boot.autoconfigure.security.servlet.UserDetailsServiceAutoConfiguration, org.springframework.boot.test.autoconfigure.web.servlet.MockMvcSecurityConfiguration, org.springframework.boot.test.autoconfigure.web.reactive.WebTestClientAutoConfiguration]], org.springframework.boot.test.context.filter.ExcludeFilterContextCustomizer@78452606, org.springframework.boot.test.json.DuplicateJsonObjectContextCustomizerFactory$DuplicateJsonObjectContextCustomizer@7098b907, org.springframework.boot.test.mock.mockito.MockitoContextCustomizer@0, org.springframework.boot.test.web.client.TestRestTemplateContextCustomizer@28194a50, org.springframework.boot.test.context.SpringBootTestArgs@1, org.springframework.boot.test.context.SpringBootTestWebEnvironment@3c419631], resourceBasePath = 'src/main/webapp', contextLoader = 'org.springframework.boot.test.context.SpringBootContextLoader', parent = [null]], attributes = map['org.springframework.test.context.web.ServletTestExecutionListener.activateListener' -> true]], class annotated with @DirtiesContext [false] with mode [null].

  .   ____          _            __ _ _
 /\\ / ___'_ __ _ _(_)_ __  __ _ \ \ \ \
( ( )\___ | '_ | '_| | '_ \/ _` | \ \ \ \
 \\/  ___)| |_)| | | | | || (_| |  ) ) ) )
  '  |____| .__|_| |_|_| |_\__, | / / / /
 =========|_|==============|___/=/_/_/_/
 :: Spring Boot ::                (v2.7.5)

2022-11-10 15:19:03.485  INFO 6416 --- [    Test worker] p.S.LoginRestControllerTest              : Starting LoginRestControllerTest using Java 1.8.0_251 on Alienware-M15-R2 with PID 6416 (started by phamd in C:\cinema_2\cinema-management-api\project-backend)
2022-11-10 15:19:03.487  INFO 6416 --- [    Test worker] p.S.LoginRestControllerTest              : No active profile set, falling back to 1 default profile: "default"
2022-11-10 15:19:04.580  INFO 6416 --- [    Test worker] .s.d.r.c.RepositoryConfigurationDelegate : Bootstrapping Spring Data JPA repositories in DEFAULT mode.
2022-11-10 15:19:04.745  INFO 6416 --- [    Test worker] .s.d.r.c.RepositoryConfigurationDelegate : Finished Spring Data repository scanning in 153 ms. Found 18 JPA repository interfaces.
2022-11-10 15:19:05.691  INFO 6416 --- [    Test worker] o.hibernate.jpa.internal.util.LogHelper  : HHH000204: Processing PersistenceUnitInfo [name: default]
2022-11-10 15:19:05.799  INFO 6416 --- [    Test worker] org.hibernate.Version                    : HHH000412: Hibernate ORM core version 5.6.12.Final
2022-11-10 15:19:06.083  INFO 6416 --- [    Test worker] o.hibernate.annotations.common.Version   : HCANN000001: Hibernate Commons Annotations {5.1.2.Final}
2022-11-10 15:19:06.265  INFO 6416 --- [    Test worker] com.zaxxer.hikari.HikariDataSource       : HikariPool-1 - Starting...
2022-11-10 15:19:06.671  INFO 6416 --- [    Test worker] com.zaxxer.hikari.HikariDataSource       : HikariPool-1 - Start completed.
2022-11-10 15:19:06.744  INFO 6416 --- [    Test worker] org.hibernate.dialect.Dialect            : HHH000400: Using dialect: org.hibernate.dialect.MySQL8Dialect
2022-11-10 15:19:07.352  WARN 6416 --- [    Test worker] org.hibernate.mapping.RootClass          : HHH000038: Composite-id class does not override equals(): projectbackend.model.decentralization.UserRole
2022-11-10 15:19:07.353  WARN 6416 --- [    Test worker] org.hibernate.mapping.RootClass          : HHH000039: Composite-id class does not override hashCode(): projectbackend.model.decentralization.UserRole
2022-11-10 15:19:08.149  INFO 6416 --- [    Test worker] o.h.e.t.j.p.i.JtaPlatformInitiator       : HHH000490: Using JtaPlatform implementation: [org.hibernate.engine.transaction.jta.platform.internal.NoJtaPlatform]
2022-11-10 15:19:08.162  INFO 6416 --- [    Test worker] j.LocalContainerEntityManagerFactoryBean : Initialized JPA EntityManagerFactory for persistence unit 'default'
2022-11-10 15:19:08.311  WARN 6416 --- [    Test worker] JpaBaseConfiguration$JpaWebConfiguration : spring.jpa.open-in-view is enabled by default. Therefore, database queries may be performed during view rendering. Explicitly configure spring.jpa.open-in-view to disable this warning
2022-11-10 15:19:09.901  INFO 6416 --- [    Test worker] o.s.s.web.DefaultSecurityFilterChain     : Will secure any request with [org.springframework.security.web.session.DisableEncodeUrlFilter@49f6c25e, org.springframework.security.web.context.request.async.WebAsyncManagerIntegrationFilter@6c13019c, org.springframework.security.web.context.SecurityContextPersistenceFilter@5d6b5d3d, org.springframework.security.web.header.HeaderWriterFilter@740ad32e, org.springframework.security.web.authentication.logout.LogoutFilter@14499b52, projectbackend.jwt.JwtFilter@924f3f1, org.springframework.security.web.savedrequest.RequestCacheAwareFilter@38394dc3, org.springframework.security.web.servletapi.SecurityContextHolderAwareRequestFilter@75f65d54, org.springframework.security.web.authentication.rememberme.RememberMeAuthenticationFilter@3e55d844, org.springframework.security.web.authentication.AnonymousAuthenticationFilter@2e66f1bd, org.springframework.security.web.session.SessionManagementFilter@61bf405d, org.springframework.security.web.access.ExceptionTranslationFilter@696298ea, org.springframework.security.web.access.intercept.FilterSecurityInterceptor@5b715ea]
2022-11-10 15:19:11.070  WARN 6416 --- [    Test worker] ion$DefaultTemplateResolverConfiguration : Cannot find template location: classpath:/templates/ (please add some templates, check your Thymeleaf configuration, or set spring.thymeleaf.check-template-location=false)
2022-11-10 15:19:11.791  INFO 6416 --- [    Test worker] o.s.b.t.m.w.SpringBootMockServletContext : Initializing Spring TestDispatcherServlet ''
2022-11-10 15:19:11.791  INFO 6416 --- [    Test worker] o.s.t.web.servlet.TestDispatcherServlet  : Initializing Servlet ''
2022-11-10 15:19:11.793  INFO 6416 --- [    Test worker] o.s.t.web.servlet.TestDispatcherServlet  : Completed initialization in 2 ms
2022-11-10 15:19:11.836  INFO 6416 --- [    Test worker] p.S.LoginRestControllerTest              : Started LoginRestControllerTest in 8.722 seconds (JVM running for 10.517)
2022-11-10 15:19:12.245  WARN 6416 --- [    Test worker] .w.s.m.s.DefaultHandlerExceptionResolver : Resolved [org.springframework.web.bind.MethodArgumentNotValidException: Validation failed for argument [0] in public org.springframework.http.ResponseEntity<?> projectbackend.controller.SecurityController.authenticateUser(projectbackend.payload.request.LoginRequest): [Field error in object 'loginRequest' on field 'username': rejected value [null]; codes [NotBlank.loginRequest.username,NotBlank.username,NotBlank.java.lang.String,NotBlank]; arguments [org.springframework.context.support.DefaultMessageSourceResolvable: codes [loginRequest.username,username]; arguments []; default message [username]]; default message [Vui lòng nh?p tên ??ng nh?p]] ]

MockHttpServletRequest:
      HTTP Method = POST
      Request URI = /api/public/login
       Parameters = {}
          Headers = [Content-Type:"application/json;charset=UTF-8", Content-Length:"52"]
             Body = {"username":null,"password":"123456","delete":false}
    Session Attrs = {}

Handler:
             Type = projectbackend.controller.SecurityController
           Method = projectbackend.controller.SecurityController#authenticateUser(LoginRequest)

Async:
    Async started = false
     Async result = null

Resolved Exception:
             Type = org.springframework.web.bind.MethodArgumentNotValidException

ModelAndView:
        View name = null
             View = null
            Model = null

FlashMap:
       Attributes = null

MockHttpServletResponse:
           Status = 400
    Error message = null
          Headers = [X-Content-Type-Options:"nosniff", X-XSS-Protection:"1; mode=block", Cache-Control:"no-cache, no-store, max-age=0, must-revalidate", Pragma:"no-cache", Expires:"0", X-Frame-Options:"DENY"]
     Content type = null
             Body = 
    Forwarded URL = null
   Redirected URL = null
          Cookies = []
]]></system-out>
  <system-err><![CDATA[]]></system-err>
</testsuite>
